<?xml version="1.0" encoding="UTF-8"?>
<testsuite xmlns:xsi="http://www.w3.org/2001/XMLSchema-instance" xsi:noNamespaceSchemaLocation="https://maven.apache.org/surefire/maven-surefire-plugin/xsd/surefire-test-report.xsd" name="com.criptex.mavenDemo.AppTest" time="0.022" tests="1" errors="0" skipped="0" failures="0">
  <properties>
    <property name="sun.desktop" value="windows"/>
    <property name="awt.toolkit" value="sun.awt.windows.WToolkit"/>
    <property name="file.encoding.pkg" value="sun.io"/>
    <property name="java.specification.version" value="1.8"/>
    <property name="sun.cpu.isalist" value="amd64"/>
    <property name="sun.jnu.encoding" value="Cp1252"/>
    <property name="java.class.path" value="E:\windows\de.viitor\java\installed.softwares\eclipse2020.workplace.spring\timBu\timB_14.04_OLD_creatingMavenProject\target\test-classes;E:\windows\de.viitor\java\installed.softwares\eclipse2020.workplace.spring\timBu\timB_14.04_OLD_creatingMavenProject\target\classes;C:\Users\moneymaker\.m2\repository\junit\junit\4.11\junit-4.11.jar;C:\Users\moneymaker\.m2\repository\org\hamcrest\hamcrest-core\1.3\hamcrest-core-1.3.jar;"/>
    <property name="java.vm.vendor" value="Oracle Corporation"/>
    <property name="sun.arch.data.model" value="64"/>
    <property name="user.variant" value=""/>
    <property name="java.vendor.url" value="http://java.oracle.com/"/>
    <property name="user.timezone" value="Europe/Athens"/>
    <property name="java.vm.specification.version" value="1.8"/>
    <property name="os.name" value="Windows 10"/>
    <property name="user.country" value="US"/>
    <property name="sun.java.launcher" value="SUN_STANDARD"/>
    <property name="sun.boot.library.path" value="E:\windows\de.viitor\java\installed.softwares\jdk 8 for netbeans\jre\bin"/>
    <property name="sun.java.command" value="C:\Users\MONEYM~1\AppData\Local\Temp\surefire7565292039257928493\surefirebooter4218663800237191679.jar C:\Users\moneymaker\AppData\Local\Temp\surefire7565292039257928493 2020-02-19T14-07-07_767-jvmRun1 surefire5729056596801673954tmp surefire_0918533544798917249tmp"/>
    <property name="surefire.test.class.path" value="E:\windows\de.viitor\java\installed.softwares\eclipse2020.workplace.spring\timBu\timB_14.04_OLD_creatingMavenProject\target\test-classes;E:\windows\de.viitor\java\installed.softwares\eclipse2020.workplace.spring\timBu\timB_14.04_OLD_creatingMavenProject\target\classes;C:\Users\moneymaker\.m2\repository\junit\junit\4.11\junit-4.11.jar;C:\Users\moneymaker\.m2\repository\org\hamcrest\hamcrest-core\1.3\hamcrest-core-1.3.jar;"/>
    <property name="sun.cpu.endian" value="little"/>
    <property name="user.home" value="C:\Users\moneymaker"/>
    <property name="user.language" value="en"/>
    <property name="java.specification.vendor" value="Oracle Corporation"/>
    <property name="java.home" value="E:\windows\de.viitor\java\installed.softwares\jdk 8 for netbeans\jre"/>
    <property name="basedir" value="E:\windows\de.viitor\java\installed.softwares\eclipse2020.workplace.spring\timBu\timB_14.04_OLD_creatingMavenProject"/>
    <property name="file.separator" value="\"/>
    <property name="line.separator" value="&#10;"/>
    <property name="java.vm.specification.vendor" value="Oracle Corporation"/>
    <property name="java.specification.name" value="Java Platform API Specification"/>
    <property name="java.awt.graphicsenv" value="sun.awt.Win32GraphicsEnvironment"/>
    <property name="surefire.real.class.path" value="C:\Users\MONEYM~1\AppData\Local\Temp\surefire7565292039257928493\surefirebooter4218663800237191679.jar"/>
    <property name="sun.boot.class.path" value="E:\windows\de.viitor\java\installed.softwares\jdk 8 for netbeans\jre\lib\resources.jar;E:\windows\de.viitor\java\installed.softwares\jdk 8 for netbeans\jre\lib\rt.jar;E:\windows\de.viitor\java\installed.softwares\jdk 8 for netbeans\jre\lib\sunrsasign.jar;E:\windows\de.viitor\java\installed.softwares\jdk 8 for netbeans\jre\lib\jsse.jar;E:\windows\de.viitor\java\installed.softwares\jdk 8 for netbeans\jre\lib\jce.jar;E:\windows\de.viitor\java\installed.softwares\jdk 8 for netbeans\jre\lib\charsets.jar;E:\windows\de.viitor\java\installed.softwares\jdk 8 for netbeans\jre\lib\jfr.jar;E:\windows\de.viitor\java\installed.softwares\jdk 8 for netbeans\jre\classes"/>
    <property name="user.script" value=""/>
    <property name="sun.management.compiler" value="HotSpot 64-Bit Tiered Compilers"/>
    <property name="java.runtime.version" value="1.8.0_211-b12"/>
    <property name="user.name" value="moneymaker"/>
    <property name="path.separator" value=";"/>
    <property name="os.version" value="10.0"/>
    <property name="java.endorsed.dirs" value="E:\windows\de.viitor\java\installed.softwares\jdk 8 for netbeans\jre\lib\endorsed"/>
    <property name="java.runtime.name" value="Java(TM) SE Runtime Environment"/>
    <property name="file.encoding" value="Cp1252"/>
    <property name="java.vm.name" value="Java HotSpot(TM) 64-Bit Server VM"/>
    <property name="localRepository" value="C:\Users\moneymaker\.m2\repository"/>
    <property name="java.vendor.url.bug" value="http://bugreport.sun.com/bugreport/"/>
    <property name="java.io.tmpdir" value="C:\Users\MONEYM~1\AppData\Local\Temp\"/>
    <property name="java.version" value="1.8.0_211"/>
    <property name="user.dir" value="E:\windows\de.viitor\java\installed.softwares\eclipse2020.workplace.spring\timBu\timB_14.04_OLD_creatingMavenProject"/>
    <property name="os.arch" value="amd64"/>
    <property name="java.vm.specification.name" value="Java Virtual Machine Specification"/>
    <property name="java.awt.printerjob" value="sun.awt.windows.WPrinterJob"/>
    <property name="sun.os.patch.level" value=""/>
    <property name="java.library.path" value="E:\windows\de.viitor\java\installed.softwares\jdk 8 for netbeans\jre\bin;C:\Windows\Sun\Java\bin;C:\Windows\system32;C:\Windows;C:\Program Files (x86)\Common Files\Oracle\Java\javapath;C:\Windows\system32;C:\Windows;C:\Windows\System32\Wbem;C:\Windows\System32\WindowsPowerShell\v1.0\;C:\Windows\System32\OpenSSH\;C:\Program Files (x86)\NVIDIA Corporation\PhysX\Common;C:\Program Files\Intel\WiFi\bin\;C:\Program Files\Common Files\Intel\WirelessCommon\;E:\windows\de.viitor\java\installed.softwares\jdk 8 for netbeans\bin;C:\Program Files\Java\jdk-12.0.1;C:\Program Files\Git\cmd;E:\windows\de.viitor\python\installed.folder.python\python3.8.0\Scripts\;E:\windows\de.viitor\python\installed.folder.python\python3.8.0\;E:\windows\de.viitor\java\installed.softwares\SQLite\sqlite-tools-win32-x86-3300100;E:\windows\de.viitor\android_SDK_folder;E:\windows\de.viitor\java\installed.softwares\androidStudio_SDK\platform-tools;;."/>
    <property name="java.vm.info" value="mixed mode"/>
    <property name="java.vendor" value="Oracle Corporation"/>
    <property name="java.vm.version" value="25.211-b12"/>
    <property name="java.ext.dirs" value="E:\windows\de.viitor\java\installed.softwares\jdk 8 for netbeans\jre\lib\ext;C:\Windows\Sun\Java\lib\ext"/>
    <property name="sun.io.unicode.encoding" value="UnicodeLittle"/>
    <property name="java.class.version" value="52.0"/>
  </properties>
  <testcase name="shouldAnswerWithTrue" classname="com.criptex.mavenDemo.AppTest" time="0.001"/>
</testsuite>